{"level":"info","message":"Redis client connected","service":"badge-backend","timestamp":"2025-11-12T14:52:49.148Z"}
{"level":"info","message":"Redis client connected","service":"badge-backend","timestamp":"2025-11-12T14:52:54.052Z"}
{"level":"info","message":"Redis client connected","service":"badge-backend","timestamp":"2025-11-12T14:53:51.551Z"}
{"level":"info","message":"Server running on port 3000","service":"badge-backend","timestamp":"2025-11-12T14:53:51.619Z"}
{"level":"info","message":"Environment: development","service":"badge-backend","timestamp":"2025-11-12T14:53:51.619Z"}
{"level":"info","message":"Health check: http://localhost:3000/health","service":"badge-backend","timestamp":"2025-11-12T14:53:51.619Z"}
{"level":"info","message":"Generated nonce for address: 0xf39Fd6e51aad88F6F4ce6aB8827279cffFb92266","service":"badge-backend","timestamp":"2025-11-12T14:59:44.228Z"}
{"level":"info","message":"Redis client connected","service":"badge-backend","timestamp":"2025-11-12T15:05:51.320Z"}
{"level":"info","message":"Server running on port 3000","service":"badge-backend","timestamp":"2025-11-12T15:05:51.430Z"}
{"level":"info","message":"Environment: development","service":"badge-backend","timestamp":"2025-11-12T15:05:51.430Z"}
{"level":"info","message":"Health check: http://localhost:3000/health","service":"badge-backend","timestamp":"2025-11-12T15:05:51.430Z"}
{"level":"info","message":"Redis client connected","service":"badge-backend","timestamp":"2025-11-12T15:06:17.717Z"}
{"level":"info","message":"Server running on port 3000","service":"badge-backend","timestamp":"2025-11-12T15:06:17.791Z"}
{"level":"info","message":"Environment: development","service":"badge-backend","timestamp":"2025-11-12T15:06:17.792Z"}
{"level":"info","message":"Health check: http://localhost:3000/health","service":"badge-backend","timestamp":"2025-11-12T15:06:17.792Z"}
{"level":"info","message":"Redis client connected","service":"badge-backend","timestamp":"2025-11-12T15:06:57.352Z"}
{"level":"info","message":"Server running on port 3000","service":"badge-backend","timestamp":"2025-11-12T15:06:57.410Z"}
{"level":"info","message":"Environment: development","service":"badge-backend","timestamp":"2025-11-12T15:06:57.410Z"}
{"level":"info","message":"Health check: http://localhost:3000/health","service":"badge-backend","timestamp":"2025-11-12T15:06:57.410Z"}
{"level":"info","message":"[DEV] Created new user: 0xf39fd6e51aad88f6f4ce6ab8827279cfffb92266","service":"badge-backend","timestamp":"2025-11-12T15:07:10.773Z"}
{"level":"info","message":"Redis client connected","service":"badge-backend","timestamp":"2025-11-13T08:46:52.176Z"}
{"level":"info","message":"Redis client connected","service":"badge-backend","timestamp":"2025-11-13T08:47:06.038Z"}
{"level":"info","message":"Redis client connected","service":"badge-backend","timestamp":"2025-11-13T08:53:35.273Z"}
{"level":"info","message":"Redis client connected","service":"badge-backend","timestamp":"2025-11-13T08:55:26.172Z"}
{"level":"info","message":"Redis client connected","service":"badge-backend","timestamp":"2025-11-13T08:56:13.163Z"}
{"level":"info","message":"Redis client connected","service":"badge-backend","timestamp":"2025-11-13T08:56:45.053Z"}
{"level":"info","message":"Server running on port 3000","service":"badge-backend","timestamp":"2025-11-13T08:56:45.117Z"}
{"level":"info","message":"Environment: development","service":"badge-backend","timestamp":"2025-11-13T08:56:45.117Z"}
{"level":"info","message":"Health check: http://localhost:3000/health","service":"badge-backend","timestamp":"2025-11-13T08:56:45.117Z"}
{"level":"info","message":"Auth endpoints: http://localhost:3000/api/auth","service":"badge-backend","timestamp":"2025-11-13T08:56:45.117Z"}
{"level":"info","message":"Protected endpoints: http://localhost:3000/api/protected","service":"badge-backend","timestamp":"2025-11-13T08:56:45.117Z"}
{"level":"info","message":"Redis client connected","service":"badge-backend","timestamp":"2025-11-13T10:53:17.441Z"}
{"level":"info","message":"Server running on port 3000","service":"badge-backend","timestamp":"2025-11-13T10:53:17.533Z"}
{"level":"info","message":"Environment: development","service":"badge-backend","timestamp":"2025-11-13T10:53:17.534Z"}
{"level":"info","message":"Health check: http://localhost:3000/health","service":"badge-backend","timestamp":"2025-11-13T10:53:17.534Z"}
{"level":"info","message":"Auth endpoints: http://localhost:3000/api/auth","service":"badge-backend","timestamp":"2025-11-13T10:53:17.534Z"}
{"level":"info","message":"Protected endpoints: http://localhost:3000/api/protected","service":"badge-backend","timestamp":"2025-11-13T10:53:17.534Z"}
{"level":"info","message":"Redis client connected","service":"badge-backend","timestamp":"2025-11-13T10:53:23.516Z"}
{"level":"info","message":"Server running on port 3000","service":"badge-backend","timestamp":"2025-11-13T10:53:23.641Z"}
{"level":"info","message":"Environment: development","service":"badge-backend","timestamp":"2025-11-13T10:53:23.641Z"}
{"level":"info","message":"Health check: http://localhost:3000/health","service":"badge-backend","timestamp":"2025-11-13T10:53:23.642Z"}
{"level":"info","message":"Auth endpoints: http://localhost:3000/api/auth","service":"badge-backend","timestamp":"2025-11-13T10:53:23.642Z"}
{"level":"info","message":"Protected endpoints: http://localhost:3000/api/protected","service":"badge-backend","timestamp":"2025-11-13T10:53:23.642Z"}
{"level":"info","message":"Redis client connected","service":"badge-backend","timestamp":"2025-11-13T10:53:40.920Z"}
{"level":"info","message":"DID Service initialized with adapters: polygonid, idos","service":"badge-backend","timestamp":"2025-11-13T11:09:42.345Z"}
{"level":"info","message":"Redis client connected","service":"badge-backend","timestamp":"2025-11-13T11:09:42.369Z"}
{"level":"info","message":"DID Service initialized with adapters: polygonid, idos","service":"badge-backend","timestamp":"2025-11-13T11:09:57.217Z"}
{"level":"info","message":"Redis client connected","service":"badge-backend","timestamp":"2025-11-13T11:09:57.233Z"}
{"level":"info","message":"DID Service initialized with adapters: polygonid, idos","service":"badge-backend","timestamp":"2025-11-13T11:10:30.336Z"}
{"level":"info","message":"Redis client connected","service":"badge-backend","timestamp":"2025-11-13T11:10:30.349Z"}
{"level":"info","message":"DID Service initialized with adapters: polygonid, idos","service":"badge-backend","timestamp":"2025-11-13T11:12:17.774Z"}
{"level":"info","message":"Redis client connected","service":"badge-backend","timestamp":"2025-11-13T11:12:17.787Z"}
{"level":"info","message":"Server running on port 3000","service":"badge-backend","timestamp":"2025-11-13T11:12:17.872Z"}
{"level":"info","message":"Environment: development","service":"badge-backend","timestamp":"2025-11-13T11:12:17.872Z"}
{"level":"info","message":"Health check: http://localhost:3000/health","service":"badge-backend","timestamp":"2025-11-13T11:12:17.872Z"}
{"level":"info","message":"Auth endpoints: http://localhost:3000/api/auth","service":"badge-backend","timestamp":"2025-11-13T11:12:17.872Z"}
{"level":"info","message":"Protected endpoints: http://localhost:3000/api/protected","service":"badge-backend","timestamp":"2025-11-13T11:12:17.872Z"}
{"level":"info","message":"DID endpoints: http://localhost:3000/api/did","service":"badge-backend","timestamp":"2025-11-13T11:12:17.872Z"}
{"level":"info","message":"[DEV] Created new user: 0xf39fd6e51aad88f6f4ce6ab8827279cfffb92266","service":"badge-backend","timestamp":"2025-11-13T11:13:54.706Z"}
{"level":"info","message":"Initiating polygonid verification for wallet: 0xf39fd6e51aad88f6f4ce6ab8827279cfffb92266","service":"badge-backend","timestamp":"2025-11-13T11:18:36.017Z"}
{"level":"info","message":"Initializing DID verification for polygonid, wallet: 0xf39fd6e51aad88f6f4ce6ab8827279cfffb92266","service":"badge-backend","timestamp":"2025-11-13T11:18:36.054Z"}
{"level":"info","message":"DID verification initiated successfully for polygonid, session: session_1763032717055_fbhz7no","service":"badge-backend","timestamp":"2025-11-13T11:18:37.056Z"}
{"level":"info","message":"Created verification session: session_1763032717055_fbhz7no for wallet: 0xf39fd6e51aad88f6f4ce6ab8827279cfffb92266, provider: polygonid","service":"badge-backend","timestamp":"2025-11-13T11:18:37.072Z"}
{"level":"info","message":"DID Service initialized with adapters: polygonid, idos","service":"badge-backend","timestamp":"2025-11-13T11:37:29.888Z"}
{"level":"info","message":"Redis client connected","service":"badge-backend","timestamp":"2025-11-13T11:37:29.905Z"}
{"level":"info","message":"Server running on port 3000","service":"badge-backend","timestamp":"2025-11-13T11:37:29.986Z"}
{"level":"info","message":"Environment: development","service":"badge-backend","timestamp":"2025-11-13T11:37:29.986Z"}
{"level":"info","message":"Health check: http://localhost:3000/health","service":"badge-backend","timestamp":"2025-11-13T11:37:29.987Z"}
{"level":"info","message":"Auth endpoints: http://localhost:3000/api/auth","service":"badge-backend","timestamp":"2025-11-13T11:37:29.987Z"}
{"level":"info","message":"Protected endpoints: http://localhost:3000/api/protected","service":"badge-backend","timestamp":"2025-11-13T11:37:29.987Z"}
{"level":"info","message":"DID endpoints: http://localhost:3000/api/did","service":"badge-backend","timestamp":"2025-11-13T11:37:29.987Z"}
{"level":"info","message":"DID Service initialized with adapters: polygonid, idos","service":"badge-backend","timestamp":"2025-11-13T11:38:16.542Z"}
{"level":"info","message":"Redis client connected","service":"badge-backend","timestamp":"2025-11-13T11:38:16.671Z"}
{"level":"info","message":"Server running on port 3000","service":"badge-backend","timestamp":"2025-11-13T11:38:16.748Z"}
{"level":"info","message":"Environment: development","service":"badge-backend","timestamp":"2025-11-13T11:38:16.748Z"}
{"level":"info","message":"Health check: http://localhost:3000/health","service":"badge-backend","timestamp":"2025-11-13T11:38:16.748Z"}
{"level":"info","message":"Auth endpoints: http://localhost:3000/api/auth","service":"badge-backend","timestamp":"2025-11-13T11:38:16.748Z"}
{"level":"info","message":"Protected endpoints: http://localhost:3000/api/protected","service":"badge-backend","timestamp":"2025-11-13T11:38:16.748Z"}
{"level":"info","message":"DID endpoints: http://localhost:3000/api/did","service":"badge-backend","timestamp":"2025-11-13T11:38:16.748Z"}
{"level":"info","message":"DID Service initialized with adapters: polygonid, idos","service":"badge-backend","timestamp":"2025-11-13T11:55:19.881Z"}
{"level":"info","message":"Redis client connected","service":"badge-backend","timestamp":"2025-11-13T11:55:19.968Z"}
{"level":"info","message":"Server running on port 3000","service":"badge-backend","timestamp":"2025-11-13T11:55:20.050Z"}
{"level":"info","message":"Environment: development","service":"badge-backend","timestamp":"2025-11-13T11:55:20.050Z"}
{"level":"info","message":"Health check: http://localhost:3000/health","service":"badge-backend","timestamp":"2025-11-13T11:55:20.050Z"}
{"level":"info","message":"Auth endpoints: http://localhost:3000/api/auth","service":"badge-backend","timestamp":"2025-11-13T11:55:20.051Z"}
{"level":"info","message":"Protected endpoints: http://localhost:3000/api/protected","service":"badge-backend","timestamp":"2025-11-13T11:55:20.051Z"}
{"level":"info","message":"DID endpoints: http://localhost:3000/api/did","service":"badge-backend","timestamp":"2025-11-13T11:55:20.051Z"}
{"level":"info","message":"Webhook endpoints: http://localhost:3000/api/webhooks","service":"badge-backend","timestamp":"2025-11-13T11:55:20.051Z"}
{"level":"info","message":"Registered webhook for issuer test-project: https://webhook.site/test-unique-id","service":"badge-backend","timestamp":"2025-11-13T11:59:41.921Z"}
{"level":"info","message":"DID Service initialized with adapters: polygonid, idos","service":"badge-backend","timestamp":"2025-11-18T08:49:29.638Z"}
{"level":"info","message":"Redis client connected","service":"badge-backend","timestamp":"2025-11-18T08:49:29.687Z"}
{"level":"info","message":"Server running on port 3000","service":"badge-backend","timestamp":"2025-11-18T08:49:29.813Z"}
{"level":"info","message":"Environment: development","service":"badge-backend","timestamp":"2025-11-18T08:49:29.813Z"}
{"level":"info","message":"Health check: http://localhost:3000/health","service":"badge-backend","timestamp":"2025-11-18T08:49:29.813Z"}
{"level":"info","message":"Auth endpoints: http://localhost:3000/api/auth","service":"badge-backend","timestamp":"2025-11-18T08:49:29.813Z"}
{"level":"info","message":"Protected endpoints: http://localhost:3000/api/protected","service":"badge-backend","timestamp":"2025-11-18T08:49:29.814Z"}
{"level":"info","message":"DID endpoints: http://localhost:3000/api/did","service":"badge-backend","timestamp":"2025-11-18T08:49:29.814Z"}
{"level":"info","message":"Webhook endpoints: http://localhost:3000/api/webhooks","service":"badge-backend","timestamp":"2025-11-18T08:49:29.814Z"}
{"level":"info","message":"DID Service initialized with adapters: polygonid, idos","service":"badge-backend","timestamp":"2025-11-18T08:52:53.076Z"}
{"level":"info","message":"Redis client connected","service":"badge-backend","timestamp":"2025-11-18T08:52:53.121Z"}
{"level":"info","message":"DID Service initialized with adapters: polygonid, idos","service":"badge-backend","timestamp":"2025-11-18T08:57:13.096Z"}
{"level":"info","message":"Redis client connected","service":"badge-backend","timestamp":"2025-11-18T08:57:13.148Z"}
{"level":"info","message":"DID Service initialized with adapters: polygonid, idos","service":"badge-backend","timestamp":"2025-11-18T08:59:34.400Z"}
{"level":"info","message":"Redis client connected","service":"badge-backend","timestamp":"2025-11-18T08:59:34.452Z"}
{"level":"info","message":"Server running on port 3000","service":"badge-backend","timestamp":"2025-11-18T08:59:34.599Z"}
{"level":"info","message":"Environment: development","service":"badge-backend","timestamp":"2025-11-18T08:59:34.599Z"}
{"level":"info","message":"Health check: http://localhost:3000/health","service":"badge-backend","timestamp":"2025-11-18T08:59:34.599Z"}
{"level":"info","message":"Auth endpoints: http://localhost:3000/api/auth","service":"badge-backend","timestamp":"2025-11-18T08:59:34.599Z"}
{"level":"info","message":"Protected endpoints: http://localhost:3000/api/protected","service":"badge-backend","timestamp":"2025-11-18T08:59:34.599Z"}
{"level":"info","message":"DID endpoints: http://localhost:3000/api/did","service":"badge-backend","timestamp":"2025-11-18T08:59:34.599Z"}
{"level":"info","message":"Webhook endpoints: http://localhost:3000/api/webhooks","service":"badge-backend","timestamp":"2025-11-18T08:59:34.599Z"}
{"level":"info","message":"DID Service initialized with adapters: polygonid, idos","service":"badge-backend","timestamp":"2025-11-18T09:18:55.335Z"}
{"level":"info","message":"Redis client connected","service":"badge-backend","timestamp":"2025-11-18T09:18:55.374Z"}
{"level":"info","message":"Server running on port 3000","service":"badge-backend","timestamp":"2025-11-18T09:18:55.515Z"}
{"level":"info","message":"Environment: development","service":"badge-backend","timestamp":"2025-11-18T09:18:55.515Z"}
{"level":"info","message":"Health check: http://localhost:3000/health","service":"badge-backend","timestamp":"2025-11-18T09:18:55.515Z"}
{"level":"info","message":"Auth endpoints: http://localhost:3000/api/auth","service":"badge-backend","timestamp":"2025-11-18T09:18:55.515Z"}
{"level":"info","message":"Protected endpoints: http://localhost:3000/api/protected","service":"badge-backend","timestamp":"2025-11-18T09:18:55.515Z"}
{"level":"info","message":"DID endpoints: http://localhost:3000/api/did","service":"badge-backend","timestamp":"2025-11-18T09:18:55.515Z"}
{"level":"info","message":"Webhook endpoints: http://localhost:3000/api/webhooks","service":"badge-backend","timestamp":"2025-11-18T09:18:55.515Z"}
{"level":"info","message":"DID Service initialized with adapters: polygonid, idos","service":"badge-backend","timestamp":"2025-11-18T09:19:19.416Z"}
{"level":"info","message":"Redis client connected","service":"badge-backend","timestamp":"2025-11-18T09:19:19.474Z"}
{"level":"info","message":"Server running on port 3000","service":"badge-backend","timestamp":"2025-11-18T09:19:19.560Z"}
{"level":"info","message":"Environment: development","service":"badge-backend","timestamp":"2025-11-18T09:19:19.560Z"}
{"level":"info","message":"Health check: http://localhost:3000/health","service":"badge-backend","timestamp":"2025-11-18T09:19:19.560Z"}
{"level":"info","message":"Auth endpoints: http://localhost:3000/api/auth","service":"badge-backend","timestamp":"2025-11-18T09:19:19.560Z"}
{"level":"info","message":"Protected endpoints: http://localhost:3000/api/protected","service":"badge-backend","timestamp":"2025-11-18T09:19:19.560Z"}
{"level":"info","message":"DID endpoints: http://localhost:3000/api/did","service":"badge-backend","timestamp":"2025-11-18T09:19:19.560Z"}
{"level":"info","message":"Webhook endpoints: http://localhost:3000/api/webhooks","service":"badge-backend","timestamp":"2025-11-18T09:19:19.560Z"}
{"level":"info","message":"DID Service initialized with adapters: polygonid, idos","service":"badge-backend","timestamp":"2025-11-18T09:20:06.584Z"}
{"level":"info","message":"Redis client connected","service":"badge-backend","timestamp":"2025-11-18T09:20:06.620Z"}
{"level":"info","message":"Server running on port 3000","service":"badge-backend","timestamp":"2025-11-18T09:20:06.720Z"}
{"level":"info","message":"Environment: development","service":"badge-backend","timestamp":"2025-11-18T09:20:06.720Z"}
{"level":"info","message":"Health check: http://localhost:3000/health","service":"badge-backend","timestamp":"2025-11-18T09:20:06.720Z"}
{"level":"info","message":"Auth endpoints: http://localhost:3000/api/auth","service":"badge-backend","timestamp":"2025-11-18T09:20:06.720Z"}
{"level":"info","message":"Protected endpoints: http://localhost:3000/api/protected","service":"badge-backend","timestamp":"2025-11-18T09:20:06.720Z"}
{"level":"info","message":"DID endpoints: http://localhost:3000/api/did","service":"badge-backend","timestamp":"2025-11-18T09:20:06.720Z"}
{"level":"info","message":"Webhook endpoints: http://localhost:3000/api/webhooks","service":"badge-backend","timestamp":"2025-11-18T09:20:06.721Z"}
{"level":"info","message":"DID Service initialized with adapters: polygonid, idos","service":"badge-backend","timestamp":"2025-11-18T09:21:20.663Z"}
{"level":"info","message":"Redis client connected","service":"badge-backend","timestamp":"2025-11-18T09:21:21.156Z"}
{"level":"info","message":"Server running on port 3000","service":"badge-backend","timestamp":"2025-11-18T09:21:21.327Z"}
{"level":"info","message":"Environment: development","service":"badge-backend","timestamp":"2025-11-18T09:21:21.328Z"}
{"level":"info","message":"Health check: http://localhost:3000/health","service":"badge-backend","timestamp":"2025-11-18T09:21:21.328Z"}
{"level":"info","message":"Auth endpoints: http://localhost:3000/api/auth","service":"badge-backend","timestamp":"2025-11-18T09:21:21.328Z"}
{"level":"info","message":"Protected endpoints: http://localhost:3000/api/protected","service":"badge-backend","timestamp":"2025-11-18T09:21:21.328Z"}
{"level":"info","message":"DID endpoints: http://localhost:3000/api/did","service":"badge-backend","timestamp":"2025-11-18T09:21:21.328Z"}
{"level":"info","message":"Webhook endpoints: http://localhost:3000/api/webhooks","service":"badge-backend","timestamp":"2025-11-18T09:21:21.328Z"}
{"level":"info","message":"DID Service initialized with adapters: polygonid, idos","service":"badge-backend","timestamp":"2025-11-18T09:21:58.784Z"}
{"level":"info","message":"Redis client connected","service":"badge-backend","timestamp":"2025-11-18T09:21:58.845Z"}
{"level":"info","message":"Server running on port 3000","service":"badge-backend","timestamp":"2025-11-18T09:21:58.942Z"}
{"level":"info","message":"Environment: development","service":"badge-backend","timestamp":"2025-11-18T09:21:58.942Z"}
{"level":"info","message":"Health check: http://localhost:3000/health","service":"badge-backend","timestamp":"2025-11-18T09:21:58.942Z"}
{"level":"info","message":"Auth endpoints: http://localhost:3000/api/auth","service":"badge-backend","timestamp":"2025-11-18T09:21:58.942Z"}
{"level":"info","message":"Protected endpoints: http://localhost:3000/api/protected","service":"badge-backend","timestamp":"2025-11-18T09:21:58.942Z"}
{"level":"info","message":"DID endpoints: http://localhost:3000/api/did","service":"badge-backend","timestamp":"2025-11-18T09:21:58.942Z"}
{"level":"info","message":"Webhook endpoints: http://localhost:3000/api/webhooks","service":"badge-backend","timestamp":"2025-11-18T09:21:58.943Z"}
{"level":"info","message":"Issuer endpoints: http://localhost:3000/api/issuer","service":"badge-backend","timestamp":"2025-11-18T09:21:58.943Z"}
{"level":"info","message":"Created new issuer: DeFi Camp (0x742E6e6B6a4A7E7B7B8C8C9D9E0F1A2B3C4D5E6F)","service":"badge-backend","timestamp":"2025-11-18T09:22:59.263Z"}
{"level":"info","message":"New issuer registered: DeFi Camp (0x742E6e6B6a4A7E7B7B8C8C9D9E0F1A2B3C4D5E6F)","service":"badge-backend","timestamp":"2025-11-18T09:22:59.295Z"}
{"level":"error","message":"Create badge type error: Cannot read properties of undefined (reading 'validateBadgeRules')","service":"badge-backend","stack":"TypeError: Cannot read properties of undefined (reading 'validateBadgeRules')\n    at createBadgeType (/Users/mac/Documents/badge-backend/src/controllers/issuer.controller.ts:89:17)\n    at Layer.handle [as handle_request] (/Users/mac/Documents/badge-backend/node_modules/express/lib/router/layer.js:95:5)\n    at next (/Users/mac/Documents/badge-backend/node_modules/express/lib/router/route.js:149:13)\n    at Route.dispatch (/Users/mac/Documents/badge-backend/node_modules/express/lib/router/route.js:119:3)\n    at Layer.handle [as handle_request] (/Users/mac/Documents/badge-backend/node_modules/express/lib/router/layer.js:95:5)\n    at /Users/mac/Documents/badge-backend/node_modules/express/lib/router/index.js:284:15\n    at router.process_params (/Users/mac/Documents/badge-backend/node_modules/express/lib/router/index.js:346:12)\n    at next (/Users/mac/Documents/badge-backend/node_modules/express/lib/router/index.js:280:10)\n    at authenticateApiKey (/Users/mac/Documents/badge-backend/src/middleware/apiKey.middleware.ts:50:5)\n    at processTicksAndRejections (node:internal/process/task_queues:105:5)","timestamp":"2025-11-18T09:25:01.409Z"}
{"level":"info","message":"DID Service initialized with adapters: polygonid, idos","service":"badge-backend","timestamp":"2025-11-18T09:28:04.201Z"}
{"level":"info","message":"Redis client connected","service":"badge-backend","timestamp":"2025-11-18T09:28:04.261Z"}
{"level":"info","message":"Server running on port 3000","service":"badge-backend","timestamp":"2025-11-18T09:28:04.388Z"}
{"level":"info","message":"Environment: development","service":"badge-backend","timestamp":"2025-11-18T09:28:04.388Z"}
{"level":"info","message":"Health check: http://localhost:3000/health","service":"badge-backend","timestamp":"2025-11-18T09:28:04.389Z"}
{"level":"info","message":"Auth endpoints: http://localhost:3000/api/auth","service":"badge-backend","timestamp":"2025-11-18T09:28:04.389Z"}
{"level":"info","message":"Protected endpoints: http://localhost:3000/api/protected","service":"badge-backend","timestamp":"2025-11-18T09:28:04.389Z"}
{"level":"info","message":"DID endpoints: http://localhost:3000/api/did","service":"badge-backend","timestamp":"2025-11-18T09:28:04.389Z"}
{"level":"info","message":"Webhook endpoints: http://localhost:3000/api/webhooks","service":"badge-backend","timestamp":"2025-11-18T09:28:04.389Z"}
{"level":"info","message":"Issuer endpoints: http://localhost:3000/api/issuer","service":"badge-backend","timestamp":"2025-11-18T09:28:04.389Z"}
{"level":"info","message":"DID Service initialized with adapters: polygonid, idos","service":"badge-backend","timestamp":"2025-11-18T09:28:07.712Z"}
{"level":"info","message":"Redis client connected","service":"badge-backend","timestamp":"2025-11-18T09:28:07.784Z"}
{"level":"info","message":"Server running on port 3000","service":"badge-backend","timestamp":"2025-11-18T09:28:08.079Z"}
{"level":"info","message":"Environment: development","service":"badge-backend","timestamp":"2025-11-18T09:28:08.080Z"}
{"level":"info","message":"Health check: http://localhost:3000/health","service":"badge-backend","timestamp":"2025-11-18T09:28:08.080Z"}
{"level":"info","message":"Auth endpoints: http://localhost:3000/api/auth","service":"badge-backend","timestamp":"2025-11-18T09:28:08.080Z"}
{"level":"info","message":"Protected endpoints: http://localhost:3000/api/protected","service":"badge-backend","timestamp":"2025-11-18T09:28:08.080Z"}
{"level":"info","message":"DID endpoints: http://localhost:3000/api/did","service":"badge-backend","timestamp":"2025-11-18T09:28:08.080Z"}
{"level":"info","message":"Webhook endpoints: http://localhost:3000/api/webhooks","service":"badge-backend","timestamp":"2025-11-18T09:28:08.080Z"}
{"level":"info","message":"Issuer endpoints: http://localhost:3000/api/issuer","service":"badge-backend","timestamp":"2025-11-18T09:28:08.081Z"}
{"level":"info","message":"Created badge type: DeFi Camp Student (defi-camp-student) for issuer: DeFi Camp","service":"badge-backend","timestamp":"2025-11-18T09:28:50.955Z"}
{"level":"info","message":"New badge type created: DeFi Camp Student (defi-camp-student) by issuer: DeFi Camp","service":"badge-backend","timestamp":"2025-11-18T09:28:50.963Z"}
{"level":"info","message":"Created badge type: DeFi Camp Advanced Student (defi-camp-advanced) for issuer: DeFi Camp","service":"badge-backend","timestamp":"2025-11-18T09:30:25.092Z"}
{"level":"info","message":"New badge type created: DeFi Camp Advanced Student (defi-camp-advanced) by issuer: DeFi Camp","service":"badge-backend","timestamp":"2025-11-18T09:30:25.093Z"}
